{"/Users/osvaldobarrioscortina/microverse/to-do-list-OB/src/modules/1-task.js": {"path":"/Users/osvaldobarrioscortina/microverse/to-do-list-OB/src/modules/1-task.js","statementMap":{"0":{"start":{"line":3,"column":4},"end":{"line":3,"column":23}},"1":{"start":{"line":4,"column":4},"end":{"line":4,"column":35}},"2":{"start":{"line":5,"column":4},"end":{"line":5,"column":27}}},"fnMap":{"0":{"name":"(anonymous_0)","decl":{"start":{"line":2,"column":2},"end":{"line":2,"column":3}},"loc":{"start":{"line":2,"column":34},"end":{"line":6,"column":3}},"line":2}},"branchMap":{},"s":{"0":1,"1":1,"2":1},"f":{"0":1},"b":{},"_coverageSchema":"1a1c01bbd47fc00a2c39e90264f33305004495a9","hash":"377a0e593880c2cea6f0093d0ab12165a4e90494"}
,"/Users/osvaldobarrioscortina/microverse/to-do-list-OB/src/modules/2-addTask.js": {"path":"/Users/osvaldobarrioscortina/microverse/to-do-list-OB/src/modules/2-addTask.js","statementMap":{"0":{"start":{"line":4,"column":20},"end":{"line":4,"column":69}},"1":{"start":{"line":5,"column":18},"end":{"line":5,"column":38}},"2":{"start":{"line":6,"column":18},"end":{"line":6,"column":41}},"3":{"start":{"line":7,"column":2},"end":{"line":7,"column":26}},"4":{"start":{"line":8,"column":2},"end":{"line":8,"column":61}},"5":{"start":{"line":9,"column":20},"end":{"line":9,"column":57}},"6":{"start":{"line":10,"column":2},"end":{"line":10,"column":23}}},"fnMap":{"0":{"name":"addTask","decl":{"start":{"line":3,"column":24},"end":{"line":3,"column":31}},"loc":{"start":{"line":3,"column":38},"end":{"line":11,"column":1}},"line":3}},"branchMap":{"0":{"loc":{"start":{"line":4,"column":20},"end":{"line":4,"column":69}},"type":"binary-expr","locations":[{"start":{"line":4,"column":20},"end":{"line":4,"column":63}},{"start":{"line":4,"column":67},"end":{"line":4,"column":69}}],"line":4}},"s":{"0":1,"1":1,"2":1,"3":1,"4":1,"5":1,"6":1},"f":{"0":1},"b":{"0":[1,1]},"_coverageSchema":"1a1c01bbd47fc00a2c39e90264f33305004495a9","hash":"3b94a4955dd5f8606e6b6c0a3807adf3aecbfb74"}
,"/Users/osvaldobarrioscortina/microverse/to-do-list-OB/src/modules/3-display.js": {"path":"/Users/osvaldobarrioscortina/microverse/to-do-list-OB/src/modules/3-display.js","statementMap":{"0":{"start":{"line":2,"column":19},"end":{"line":2,"column":55}},"1":{"start":{"line":3,"column":18},"end":{"line":3,"column":67}},"2":{"start":{"line":4,"column":2},"end":{"line":4,"column":26}},"3":{"start":{"line":5,"column":2},"end":{"line":67,"column":5}},"4":{"start":{"line":6,"column":21},"end":{"line":6,"column":49}},"5":{"start":{"line":7,"column":4},"end":{"line":16,"column":15}},"6":{"start":{"line":17,"column":4},"end":{"line":17,"column":35}},"7":{"start":{"line":18,"column":22},"end":{"line":18,"column":55}},"8":{"start":{"line":19,"column":22},"end":{"line":19,"column":55}},"9":{"start":{"line":20,"column":23},"end":{"line":20,"column":59}},"10":{"start":{"line":21,"column":4},"end":{"line":21,"column":37}},"11":{"start":{"line":22,"column":4},"end":{"line":27,"column":7}},"12":{"start":{"line":23,"column":6},"end":{"line":23,"column":25}},"13":{"start":{"line":24,"column":6},"end":{"line":24,"column":40}},"14":{"start":{"line":25,"column":6},"end":{"line":25,"column":39}},"15":{"start":{"line":26,"column":6},"end":{"line":26,"column":51}},"16":{"start":{"line":28,"column":21},"end":{"line":28,"column":57}},"17":{"start":{"line":29,"column":4},"end":{"line":39,"column":7}},"18":{"start":{"line":30,"column":6},"end":{"line":30,"column":25}},"19":{"start":{"line":31,"column":20},"end":{"line":33,"column":7}},"20":{"start":{"line":34,"column":6},"end":{"line":34,"column":43}},"21":{"start":{"line":35,"column":6},"end":{"line":35,"column":65}},"22":{"start":{"line":36,"column":6},"end":{"line":36,"column":39}},"23":{"start":{"line":37,"column":6},"end":{"line":37,"column":40}},"24":{"start":{"line":38,"column":6},"end":{"line":38,"column":48}},"25":{"start":{"line":40,"column":4},"end":{"line":51,"column":7}},"26":{"start":{"line":41,"column":6},"end":{"line":41,"column":25}},"27":{"start":{"line":42,"column":17},"end":{"line":42,"column":58}},"28":{"start":{"line":42,"column":44},"end":{"line":42,"column":57}},"29":{"start":{"line":43,"column":6},"end":{"line":43,"column":23}},"30":{"start":{"line":44,"column":6},"end":{"line":47,"column":9}},"31":{"start":{"line":45,"column":8},"end":{"line":45,"column":49}},"32":{"start":{"line":46,"column":8},"end":{"line":46,"column":20}},"33":{"start":{"line":48,"column":6},"end":{"line":48,"column":23}},"34":{"start":{"line":49,"column":6},"end":{"line":49,"column":65}},"35":{"start":{"line":50,"column":6},"end":{"line":50,"column":37}},"36":{"start":{"line":54,"column":21},"end":{"line":54,"column":56}},"37":{"start":{"line":55,"column":4},"end":{"line":64,"column":7}},"38":{"start":{"line":56,"column":6},"end":{"line":56,"column":40}},"39":{"start":{"line":57,"column":6},"end":{"line":57,"column":65}},"40":{"start":{"line":59,"column":6},"end":{"line":63,"column":7}},"41":{"start":{"line":60,"column":8},"end":{"line":60,"column":57}},"42":{"start":{"line":62,"column":8},"end":{"line":62,"column":49}},"43":{"start":{"line":66,"column":4},"end":{"line":66,"column":20}}},"fnMap":{"0":{"name":"displayTasks","decl":{"start":{"line":1,"column":24},"end":{"line":1,"column":36}},"loc":{"start":{"line":1,"column":39},"end":{"line":68,"column":1}},"line":1},"1":{"name":"(anonymous_1)","decl":{"start":{"line":5,"column":16},"end":{"line":5,"column":17}},"loc":{"start":{"line":5,"column":26},"end":{"line":67,"column":3}},"line":5},"2":{"name":"(anonymous_2)","decl":{"start":{"line":22,"column":41},"end":{"line":22,"column":42}},"loc":{"start":{"line":22,"column":48},"end":{"line":27,"column":5}},"line":22},"3":{"name":"(anonymous_3)","decl":{"start":{"line":29,"column":40},"end":{"line":29,"column":41}},"loc":{"start":{"line":29,"column":47},"end":{"line":39,"column":5}},"line":29},"4":{"name":"(anonymous_4)","decl":{"start":{"line":40,"column":40},"end":{"line":40,"column":41}},"loc":{"start":{"line":40,"column":47},"end":{"line":51,"column":5}},"line":40},"5":{"name":"(anonymous_5)","decl":{"start":{"line":42,"column":34},"end":{"line":42,"column":35}},"loc":{"start":{"line":42,"column":44},"end":{"line":42,"column":57}},"line":42},"6":{"name":"(anonymous_6)","decl":{"start":{"line":44,"column":27},"end":{"line":44,"column":28}},"loc":{"start":{"line":44,"column":37},"end":{"line":47,"column":7}},"line":44},"7":{"name":"(anonymous_7)","decl":{"start":{"line":55,"column":40},"end":{"line":55,"column":41}},"loc":{"start":{"line":55,"column":46},"end":{"line":64,"column":5}},"line":55}},"branchMap":{"0":{"loc":{"start":{"line":3,"column":18},"end":{"line":3,"column":67}},"type":"binary-expr","locations":[{"start":{"line":3,"column":18},"end":{"line":3,"column":61}},{"start":{"line":3,"column":65},"end":{"line":3,"column":67}}],"line":3},"1":{"loc":{"start":{"line":59,"column":6},"end":{"line":63,"column":7}},"type":"if","locations":[{"start":{"line":59,"column":6},"end":{"line":63,"column":7}},{"start":{"line":61,"column":13},"end":{"line":63,"column":7}}],"line":59}},"s":{"0":1,"1":1,"2":1,"3":1,"4":1,"5":1,"6":1,"7":1,"8":1,"9":1,"10":1,"11":1,"12":0,"13":0,"14":0,"15":0,"16":1,"17":1,"18":0,"19":0,"20":0,"21":0,"22":0,"23":0,"24":0,"25":1,"26":1,"27":1,"28":1,"29":1,"30":1,"31":0,"32":0,"33":1,"34":1,"35":1,"36":1,"37":1,"38":0,"39":0,"40":0,"41":0,"42":0,"43":1},"f":{"0":1,"1":1,"2":0,"3":0,"4":1,"5":1,"6":0,"7":0},"b":{"0":[1,0],"1":[0,0]},"_coverageSchema":"1a1c01bbd47fc00a2c39e90264f33305004495a9","hash":"7675bec227369b0b0213dc59cbffdb78904a1dea"}
}
